0 info it worked if it ends with ok
1 verbose cli [ '/usr/local/bin/node',
1 verbose cli   '/usr/local/bin/npm',
1 verbose cli   'install',
1 verbose cli   '--save',
1 verbose cli   'node-restful' ]
2 info using npm@2.15.5
3 info using node@v4.4.5
4 verbose install initial load of /Users/lowjiansheng/Desktop/iQueueProj/package.json
5 verbose installManyTop reading scoped package data from /Users/lowjiansheng/Desktop/iQueueProj/node_modules/bower/package.json
6 verbose installManyTop reading scoped package data from /Users/lowjiansheng/Desktop/iQueueProj/node_modules/express/package.json
7 verbose installManyTop reading scoped package data from /Users/lowjiansheng/Desktop/iQueueProj/node_modules/express-jwt/package.json
8 verbose installManyTop reading scoped package data from /Users/lowjiansheng/Desktop/iQueueProj/node_modules/http-proxy/package.json
9 verbose installManyTop reading scoped package data from /Users/lowjiansheng/Desktop/iQueueProj/node_modules/mongoose/package.json
10 info package.json mongoose@3.8.40 No license field.
11 info package.json express-jwt@3.4.0 No license field.
12 verbose readDependencies loading dependencies from /Users/lowjiansheng/Desktop/iQueueProj/package.json
13 silly cache add args [ 'node-restful@^0.2.5', null ]
14 verbose cache add spec node-restful@^0.2.5
15 silly cache add parsed spec Result {
15 silly cache add   raw: 'node-restful@^0.2.5',
15 silly cache add   scope: null,
15 silly cache add   name: 'node-restful',
15 silly cache add   rawSpec: '^0.2.5',
15 silly cache add   spec: '>=0.2.5 <0.3.0',
15 silly cache add   type: 'range' }
16 silly addNamed node-restful@>=0.2.5 <0.3.0
17 verbose addNamed ">=0.2.5 <0.3.0" is a valid semver range for node-restful
18 silly addNameRange { name: 'node-restful', range: '>=0.2.5 <0.3.0', hasData: false }
19 silly mapToRegistry name node-restful
20 silly mapToRegistry using default registry
21 silly mapToRegistry registry https://registry.npmjs.org/
22 silly mapToRegistry data Result {
22 silly mapToRegistry   raw: 'node-restful',
22 silly mapToRegistry   scope: null,
22 silly mapToRegistry   name: 'node-restful',
22 silly mapToRegistry   rawSpec: '',
22 silly mapToRegistry   spec: 'latest',
22 silly mapToRegistry   type: 'tag' }
23 silly mapToRegistry uri https://registry.npmjs.org/node-restful
24 verbose addNameRange registry:https://registry.npmjs.org/node-restful not in flight; fetching
25 verbose request uri https://registry.npmjs.org/node-restful
26 verbose request no auth needed
27 info attempt registry request try #1 at 7:53:45 PM
28 verbose request id daa220e9c2db1bf9
29 verbose etag "21S10XJQUCU4SYA38DA0B9C8J"
30 http request GET https://registry.npmjs.org/node-restful
31 http 304 https://registry.npmjs.org/node-restful
32 verbose headers { date: 'Mon, 25 Jul 2016 11:53:45 GMT',
32 verbose headers   via: '1.1 varnish',
32 verbose headers   'cache-control': 'max-age=300',
32 verbose headers   etag: '"21S10XJQUCU4SYA38DA0B9C8J"',
32 verbose headers   age: '0',
32 verbose headers   connection: 'keep-alive',
32 verbose headers   'x-served-by': 'cache-sin6926-SIN',
32 verbose headers   'x-cache': 'HIT',
32 verbose headers   'x-cache-hits': '1',
32 verbose headers   'x-timer': 'S1469447625.296076,VS0,VE245',
32 verbose headers   vary: 'Accept-Encoding' }
33 silly get cb [ 304,
33 silly get   { date: 'Mon, 25 Jul 2016 11:53:45 GMT',
33 silly get     via: '1.1 varnish',
33 silly get     'cache-control': 'max-age=300',
33 silly get     etag: '"21S10XJQUCU4SYA38DA0B9C8J"',
33 silly get     age: '0',
33 silly get     connection: 'keep-alive',
33 silly get     'x-served-by': 'cache-sin6926-SIN',
33 silly get     'x-cache': 'HIT',
33 silly get     'x-cache-hits': '1',
33 silly get     'x-timer': 'S1469447625.296076,VS0,VE245',
33 silly get     vary: 'Accept-Encoding' } ]
34 verbose etag https://registry.npmjs.org/node-restful from cache
35 verbose get saving node-restful to /Users/lowjiansheng/.npm/registry.npmjs.org/node-restful/.cache.json
36 verbose correctMkdir /Users/lowjiansheng/.npm correctMkdir not in flight; initializing
37 silly addNameRange number 2 { name: 'node-restful', range: '>=0.2.5 <0.3.0', hasData: true }
38 silly addNameRange versions [ 'node-restful',
38 silly addNameRange   [ '0.1.0',
38 silly addNameRange     '0.1.2',
38 silly addNameRange     '0.1.3',
38 silly addNameRange     '0.1.4',
38 silly addNameRange     '0.1.5',
38 silly addNameRange     '0.1.7',
38 silly addNameRange     '0.1.8',
38 silly addNameRange     '0.1.9',
38 silly addNameRange     '0.1.10',
38 silly addNameRange     '0.1.11',
38 silly addNameRange     '0.1.12',
38 silly addNameRange     '0.1.13',
38 silly addNameRange     '0.1.14',
38 silly addNameRange     '0.1.15',
38 silly addNameRange     '0.1.16',
38 silly addNameRange     '0.1.17',
38 silly addNameRange     '0.1.18',
38 silly addNameRange     '0.1.19',
38 silly addNameRange     '0.2.1',
38 silly addNameRange     '0.2.2',
38 silly addNameRange     '0.2.3',
38 silly addNameRange     '0.2.4',
38 silly addNameRange     '0.2.5' ] ]
39 silly addNamed node-restful@0.2.5
40 verbose addNamed "0.2.5" is a plain semver version for node-restful
41 silly cache afterAdd node-restful@0.2.5
42 verbose afterAdd /Users/lowjiansheng/.npm/node-restful/0.2.5/package/package.json not in flight; writing
43 verbose correctMkdir /Users/lowjiansheng/.npm correctMkdir not in flight; initializing
44 verbose afterAdd /Users/lowjiansheng/.npm/node-restful/0.2.5/package/package.json written
45 silly install resolved [ { name: 'node-restful',
45 silly install resolved     description: 'A library for making REST API\'s in node.js with express',
45 silly install resolved     version: '0.2.5',
45 silly install resolved     peerDependencies: { mongoose: '~4' },
45 silly install resolved     devDependencies:
45 silly install resolved      { express: '4.12.4',
45 silly install resolved        'body-parser': '1.12.4',
45 silly install resolved        'method-override': '2.3.3',
45 silly install resolved        mongodb: '2.0.33',
45 silly install resolved        jade: '1.11.0',
45 silly install resolved        mocha: '2.2.5',
45 silly install resolved        mongoose: '~4',
45 silly install resolved        should: '6.0.3',
45 silly install resolved        supertest: '1.0.1',
45 silly install resolved        sinon: '1.15.3',
45 silly install resolved        'pow-mongodb-fixtures': 'git+https://github.com/riyadhalnur/pow-mongodb-fixtures.git#upgrade-mongodb-drivers',
45 silly install resolved        morgan: '1.5.3' },
45 silly install resolved     keywords: [ 'node-restful', 'restful', 'framework', 'rest', 'api' ],
45 silly install resolved     scripts: { test: 'make test' },
45 silly install resolved     repository:
45 silly install resolved      { type: 'git',
45 silly install resolved        url: 'git://github.com/baugarten/node-restful.git' },
45 silly install resolved     main: 'index.js',
45 silly install resolved     dependencies: { underscore: '1.8.3' },
45 silly install resolved     gitHead: 'd5277ae484cfb43ddb71dd97580a6989ca281e76',
45 silly install resolved     bugs: { url: 'https://github.com/baugarten/node-restful/issues' },
45 silly install resolved     homepage: 'https://github.com/baugarten/node-restful',
45 silly install resolved     _id: 'node-restful@0.2.5',
45 silly install resolved     _shasum: '8cfe2ff4b7d769e58e319a50ab15a694107eda53',
45 silly install resolved     _from: 'node-restful@>=0.2.5 <0.3.0',
45 silly install resolved     _npmVersion: '1.4.16',
45 silly install resolved     _npmUser: { name: 'baugarten', email: 'baugarten@gmail.com' },
45 silly install resolved     maintainers: [ [Object] ],
45 silly install resolved     dist:
45 silly install resolved      { shasum: '8cfe2ff4b7d769e58e319a50ab15a694107eda53',
45 silly install resolved        tarball: 'https://registry.npmjs.org/node-restful/-/node-restful-0.2.5.tgz' },
45 silly install resolved     directories: {},
45 silly install resolved     _resolved: 'https://registry.npmjs.org/node-restful/-/node-restful-0.2.5.tgz',
45 silly install resolved     readme: 'ERROR: No README data found!' } ]
46 info install node-restful@0.2.5 into /Users/lowjiansheng/Desktop/iQueueProj
47 info installOne node-restful@0.2.5
48 verbose installOne of node-restful to /Users/lowjiansheng/Desktop/iQueueProj not in flight; installing
49 verbose correctMkdir /Users/lowjiansheng/.npm/_locks correctMkdir not in flight; initializing
50 verbose lock using /Users/lowjiansheng/.npm/_locks/node-restful-4a65bd055ab1d571.lock for /Users/lowjiansheng/Desktop/iQueueProj/node_modules/node-restful
51 silly install write writing node-restful 0.2.5 to /Users/lowjiansheng/Desktop/iQueueProj/node_modules/node-restful
52 verbose unbuild node_modules/node-restful
53 silly gentlyRm /Users/lowjiansheng/Desktop/iQueueProj/node_modules/node-restful is being purged from base /Users/lowjiansheng/Desktop/iQueueProj
54 verbose gentlyRm don't care about contents; nuking /Users/lowjiansheng/Desktop/iQueueProj/node_modules/node-restful
55 verbose tar unpack /Users/lowjiansheng/.npm/node-restful/0.2.5/package.tgz
56 verbose tar unpacking to /Users/lowjiansheng/Desktop/iQueueProj/node_modules/node-restful
57 silly gentlyRm /Users/lowjiansheng/Desktop/iQueueProj/node_modules/node-restful is being purged
58 verbose gentlyRm don't care about contents; nuking /Users/lowjiansheng/Desktop/iQueueProj/node_modules/node-restful
59 silly gunzTarPerm modes [ '755', '644' ]
60 silly gunzTarPerm extractEntry package.json
61 silly gunzTarPerm extractEntry .npmignore
62 silly gunzTarPerm modified mode [ '.npmignore', 436, 420 ]
63 silly gunzTarPerm extractEntry README.md
64 silly gunzTarPerm extractEntry index.js
65 silly gunzTarPerm modified mode [ 'index.js', 436, 420 ]
66 silly gunzTarPerm extractEntry .travis.yml
67 silly gunzTarPerm extractEntry Makefile
68 silly gunzTarPerm modified mode [ 'Makefile', 436, 420 ]
69 silly gunzTarPerm extractEntry examples/notes.js
70 silly gunzTarPerm extractEntry examples/movies/index.js
71 silly gunzTarPerm extractEntry examples/notes/index.js
72 silly gunzTarPerm extractEntry examples/notes/models/index.js
73 silly gunzTarPerm modified mode [ 'examples/notes/models/index.js', 436, 420 ]
74 silly gunzTarPerm extractEntry examples/notes/models/note.js
75 silly gunzTarPerm modified mode [ 'examples/notes/models/note.js', 436, 420 ]
76 silly gunzTarPerm extractEntry examples/notes/models/user.js
77 silly gunzTarPerm modified mode [ 'examples/notes/models/user.js', 436, 420 ]
78 silly gunzTarPerm extractEntry examples/notes/routes/user.js
79 silly gunzTarPerm modified mode [ 'examples/notes/routes/user.js', 436, 420 ]
80 silly gunzTarPerm extractEntry lib/handlers.js
81 silly gunzTarPerm extractEntry lib/model.js
82 silly gunzTarPerm extractEntry lib/restful.js
83 silly gunzTarPerm modified mode [ 'lib/restful.js', 436, 420 ]
84 silly gunzTarPerm extractEntry test/model.chainable.js
85 silly gunzTarPerm extractEntry test/model.excludes.js
86 silly gunzTarPerm modified mode [ 'test/model.excludes.js', 436, 420 ]
87 silly gunzTarPerm extractEntry test/model.filters.js
88 silly gunzTarPerm extractEntry test/model.handle.js
89 silly gunzTarPerm modified mode [ 'test/model.handle.js', 436, 420 ]
90 silly gunzTarPerm extractEntry test/model.hooks.js
91 silly gunzTarPerm extractEntry test/model.js
92 silly gunzTarPerm extractEntry test/model.template.js
93 silly gunzTarPerm modified mode [ 'test/model.template.js', 436, 420 ]
94 silly gunzTarPerm extractEntry test/fixtures/config.js
95 silly gunzTarPerm extractEntry test/fixtures/data.js
96 silly gunzTarPerm extractEntry test/fixtures/movies/index.jade
97 silly gunzTarPerm modified mode [ 'test/fixtures/movies/index.jade', 436, 420 ]
98 silly gunzTarPerm extractEntry test/fixtures/movies/show.jade
99 silly gunzTarPerm modified mode [ 'test/fixtures/movies/show.jade', 436, 420 ]
100 verbose write writing to /Users/lowjiansheng/Desktop/iQueueProj/node_modules/node-restful/package.json
101 info preinstall node-restful@0.2.5
102 verbose readDependencies loading dependencies from /Users/lowjiansheng/Desktop/iQueueProj/node_modules/node-restful/package.json
103 silly prepareForInstallMany adding underscore@1.8.3 from node-restful dependencies
104 silly prepareForInstallMany adding mongoose@~4 from node-restful peerDependencies
105 warn peerDependencies The peer dependency mongoose@~4 included from node-restful will no
106 warn peerDependencies longer be automatically installed to fulfill the peerDependency
107 warn peerDependencies in npm 3+. Your application will need to depend on it explicitly.
108 verbose readDependencies loading dependencies from /Users/lowjiansheng/Desktop/iQueueProj/node_modules/node-restful/package.json
109 silly cache add args [ 'underscore@1.8.3', null ]
110 verbose cache add spec underscore@1.8.3
111 silly cache add parsed spec Result {
111 silly cache add   raw: 'underscore@1.8.3',
111 silly cache add   scope: null,
111 silly cache add   name: 'underscore',
111 silly cache add   rawSpec: '1.8.3',
111 silly cache add   spec: '1.8.3',
111 silly cache add   type: 'version' }
112 silly addNamed underscore@1.8.3
113 verbose addNamed "1.8.3" is a plain semver version for underscore
114 silly mapToRegistry name underscore
115 silly mapToRegistry using default registry
116 silly mapToRegistry registry https://registry.npmjs.org/
117 silly mapToRegistry data Result {
117 silly mapToRegistry   raw: 'underscore',
117 silly mapToRegistry   scope: null,
117 silly mapToRegistry   name: 'underscore',
117 silly mapToRegistry   rawSpec: '',
117 silly mapToRegistry   spec: 'latest',
117 silly mapToRegistry   type: 'tag' }
118 silly mapToRegistry uri https://registry.npmjs.org/underscore
119 verbose addNameVersion registry:https://registry.npmjs.org/underscore not in flight; fetching
120 verbose request uri https://registry.npmjs.org/underscore
121 verbose request no auth needed
122 info attempt registry request try #1 at 7:53:45 PM
123 verbose etag "8PGF6SGREERLZKVYLLDFY9OAM"
124 http request GET https://registry.npmjs.org/underscore
125 http 304 https://registry.npmjs.org/underscore
126 verbose headers { date: 'Mon, 25 Jul 2016 11:53:45 GMT',
126 verbose headers   via: '1.1 varnish',
126 verbose headers   'cache-control': 'max-age=300',
126 verbose headers   etag: '"8PGF6SGREERLZKVYLLDFY9OAM"',
126 verbose headers   age: '85',
126 verbose headers   connection: 'keep-alive',
126 verbose headers   'x-served-by': 'cache-sin6926-SIN',
126 verbose headers   'x-cache': 'HIT',
126 verbose headers   'x-cache-hits': '12',
126 verbose headers   'x-timer': 'S1469447625.686902,VS0,VE0',
126 verbose headers   vary: 'Accept-Encoding' }
127 silly get cb [ 304,
127 silly get   { date: 'Mon, 25 Jul 2016 11:53:45 GMT',
127 silly get     via: '1.1 varnish',
127 silly get     'cache-control': 'max-age=300',
127 silly get     etag: '"8PGF6SGREERLZKVYLLDFY9OAM"',
127 silly get     age: '85',
127 silly get     connection: 'keep-alive',
127 silly get     'x-served-by': 'cache-sin6926-SIN',
127 silly get     'x-cache': 'HIT',
127 silly get     'x-cache-hits': '12',
127 silly get     'x-timer': 'S1469447625.686902,VS0,VE0',
127 silly get     vary: 'Accept-Encoding' } ]
128 verbose etag https://registry.npmjs.org/underscore from cache
129 verbose get saving underscore to /Users/lowjiansheng/.npm/registry.npmjs.org/underscore/.cache.json
130 verbose correctMkdir /Users/lowjiansheng/.npm correctMkdir not in flight; initializing
131 silly cache afterAdd underscore@1.8.3
132 verbose afterAdd /Users/lowjiansheng/.npm/underscore/1.8.3/package/package.json not in flight; writing
133 verbose correctMkdir /Users/lowjiansheng/.npm correctMkdir not in flight; initializing
134 verbose afterAdd /Users/lowjiansheng/.npm/underscore/1.8.3/package/package.json written
135 silly install resolved [ { name: 'underscore',
135 silly install resolved     description: 'JavaScript\'s functional programming helper library.',
135 silly install resolved     homepage: 'http://underscorejs.org',
135 silly install resolved     keywords: [ 'util', 'functional', 'server', 'client', 'browser' ],
135 silly install resolved     author: { name: 'Jeremy Ashkenas', email: 'jeremy@documentcloud.org' },
135 silly install resolved     repository:
135 silly install resolved      { type: 'git',
135 silly install resolved        url: 'git://github.com/jashkenas/underscore.git' },
135 silly install resolved     main: 'underscore.js',
135 silly install resolved     version: '1.8.3',
135 silly install resolved     devDependencies:
135 silly install resolved      { docco: '*',
135 silly install resolved        eslint: '0.6.x',
135 silly install resolved        karma: '~0.12.31',
135 silly install resolved        'karma-qunit': '~0.1.4',
135 silly install resolved        'qunit-cli': '~0.2.0',
135 silly install resolved        'uglify-js': '2.4.x' },
135 silly install resolved     scripts:
135 silly install resolved      { test: 'npm run test-node && npm run lint',
135 silly install resolved        lint: 'eslint underscore.js test/*.js',
135 silly install resolved        'test-node': 'qunit-cli test/*.js',
135 silly install resolved        'test-browser': 'npm i karma-phantomjs-launcher && ./node_modules/karma/bin/karma start',
135 silly install resolved        build: 'uglifyjs underscore.js -c "evaluate=false" --comments "/    .*/" -m --source-map underscore-min.map -o underscore-min.js',
135 silly install resolved        doc: 'docco underscore.js' },
135 silly install resolved     license: 'MIT',
135 silly install resolved     files:
135 silly install resolved      [ 'underscore.js',
135 silly install resolved        'underscore-min.js',
135 silly install resolved        'underscore-min.map',
135 silly install resolved        'LICENSE' ],
135 silly install resolved     gitHead: 'e4743ab712b8ab42ad4ccb48b155034d02394e4d',
135 silly install resolved     bugs: { url: 'https://github.com/jashkenas/underscore/issues' },
135 silly install resolved     _id: 'underscore@1.8.3',
135 silly install resolved     _shasum: '4f3fb53b106e6097fcf9cb4109f2a5e9bdfa5022',
135 silly install resolved     _from: 'underscore@1.8.3',
135 silly install resolved     _npmVersion: '1.4.28',
135 silly install resolved     _npmUser: { name: 'jashkenas', email: 'jashkenas@gmail.com' },
135 silly install resolved     maintainers: [ [Object] ],
135 silly install resolved     dist:
135 silly install resolved      { shasum: '4f3fb53b106e6097fcf9cb4109f2a5e9bdfa5022',
135 silly install resolved        tarball: 'https://registry.npmjs.org/underscore/-/underscore-1.8.3.tgz' },
135 silly install resolved     directories: {},
135 silly install resolved     _resolved: 'https://registry.npmjs.org/underscore/-/underscore-1.8.3.tgz',
135 silly install resolved     readme: 'ERROR: No README data found!' } ]
136 info install underscore@1.8.3 into /Users/lowjiansheng/Desktop/iQueueProj/node_modules/node-restful
137 info installOne underscore@1.8.3
138 verbose installOne of underscore to /Users/lowjiansheng/Desktop/iQueueProj/node_modules/node-restful not in flight; installing
139 verbose correctMkdir /Users/lowjiansheng/.npm/_locks correctMkdir not in flight; initializing
140 verbose lock using /Users/lowjiansheng/.npm/_locks/underscore-37874c6c2b62753b.lock for /Users/lowjiansheng/Desktop/iQueueProj/node_modules/node-restful/node_modules/underscore
141 silly install write writing underscore 1.8.3 to /Users/lowjiansheng/Desktop/iQueueProj/node_modules/node-restful/node_modules/underscore
142 verbose unbuild node_modules/node-restful/node_modules/underscore
143 silly gentlyRm /Users/lowjiansheng/Desktop/iQueueProj/node_modules/node-restful/node_modules/underscore is being purged from base /Users/lowjiansheng/Desktop/iQueueProj
144 verbose gentlyRm don't care about contents; nuking /Users/lowjiansheng/Desktop/iQueueProj/node_modules/node-restful/node_modules/underscore
145 verbose tar unpack /Users/lowjiansheng/.npm/underscore/1.8.3/package.tgz
146 verbose tar unpacking to /Users/lowjiansheng/Desktop/iQueueProj/node_modules/node-restful/node_modules/underscore
147 silly gentlyRm /Users/lowjiansheng/Desktop/iQueueProj/node_modules/node-restful/node_modules/underscore is being purged
148 verbose gentlyRm don't care about contents; nuking /Users/lowjiansheng/Desktop/iQueueProj/node_modules/node-restful/node_modules/underscore
149 silly gunzTarPerm modes [ '755', '644' ]
150 silly gunzTarPerm extractEntry package.json
151 silly gunzTarPerm extractEntry README.md
152 silly gunzTarPerm extractEntry LICENSE
153 silly gunzTarPerm extractEntry underscore.js
154 silly gunzTarPerm extractEntry underscore-min.js
155 silly gunzTarPerm extractEntry underscore-min.map
156 verbose write writing to /Users/lowjiansheng/Desktop/iQueueProj/node_modules/node-restful/node_modules/underscore/package.json
157 info preinstall underscore@1.8.3
158 verbose readDependencies loading dependencies from /Users/lowjiansheng/Desktop/iQueueProj/node_modules/node-restful/node_modules/underscore/package.json
159 verbose readDependencies loading dependencies from /Users/lowjiansheng/Desktop/iQueueProj/node_modules/node-restful/node_modules/underscore/package.json
160 silly install resolved []
161 verbose about to build /Users/lowjiansheng/Desktop/iQueueProj/node_modules/node-restful/node_modules/underscore
162 info build /Users/lowjiansheng/Desktop/iQueueProj/node_modules/node-restful/node_modules/underscore
163 info linkStuff underscore@1.8.3
164 silly linkStuff underscore@1.8.3 has /Users/lowjiansheng/Desktop/iQueueProj/node_modules/node-restful/node_modules as its parent node_modules
165 verbose linkBins underscore@1.8.3
166 verbose linkMans underscore@1.8.3
167 verbose rebuildBundles underscore@1.8.3
168 info install underscore@1.8.3
169 info postinstall underscore@1.8.3
170 verbose unlock done using /Users/lowjiansheng/.npm/_locks/underscore-37874c6c2b62753b.lock for /Users/lowjiansheng/Desktop/iQueueProj/node_modules/node-restful/node_modules/underscore
171 verbose about to build /Users/lowjiansheng/Desktop/iQueueProj/node_modules/node-restful
172 info build /Users/lowjiansheng/Desktop/iQueueProj/node_modules/node-restful
173 info linkStuff node-restful@0.2.5
174 silly linkStuff node-restful@0.2.5 has /Users/lowjiansheng/Desktop/iQueueProj/node_modules as its parent node_modules
175 verbose linkBins node-restful@0.2.5
176 verbose linkMans node-restful@0.2.5
177 verbose rebuildBundles node-restful@0.2.5
178 verbose rebuildBundles [ 'underscore' ]
179 info install node-restful@0.2.5
180 info postinstall node-restful@0.2.5
181 verbose readDependencies loading dependencies from /Users/lowjiansheng/Desktop/iQueueProj/package.json
182 verbose targetResolver reading package data from /Users/lowjiansheng/Desktop/iQueueProj/node_modules/bower/package.json
183 verbose targetResolver reading package data from /Users/lowjiansheng/Desktop/iQueueProj/node_modules/express/package.json
184 verbose targetResolver reading package data from /Users/lowjiansheng/Desktop/iQueueProj/node_modules/express-jwt/package.json
185 verbose targetResolver reading package data from /Users/lowjiansheng/Desktop/iQueueProj/node_modules/http-proxy/package.json
186 verbose targetResolver reading package data from /Users/lowjiansheng/Desktop/iQueueProj/node_modules/mongoose/package.json
187 verbose targetResolver reading package data from /Users/lowjiansheng/Desktop/iQueueProj/node_modules/node-restful/package.json
188 verbose targetResolver reading package data from /Users/lowjiansheng/Desktop/iQueueProj/node_modules/.bin/bower/package.json
189 verbose already installed skipping mongoose@~4 /Users/lowjiansheng/Desktop/iQueueProj
190 silly install resolved []
191 verbose unlock done using /Users/lowjiansheng/.npm/_locks/node-restful-4a65bd055ab1d571.lock for /Users/lowjiansheng/Desktop/iQueueProj/node_modules/node-restful
192 verbose validateInstall loading /Users/lowjiansheng/Desktop/iQueueProj/package.json for validation
193 verbose stack Error: The package mongoose@3.8.40 does not satisfy its siblings' peerDependencies requirements!
193 verbose stack     at /usr/local/lib/node_modules/npm/lib/install.js:125:32
193 verbose stack     at /usr/local/lib/node_modules/npm/lib/install.js:268:7
193 verbose stack     at /usr/local/lib/node_modules/npm/node_modules/read-installed/read-installed.js:142:5
193 verbose stack     at /usr/local/lib/node_modules/npm/node_modules/read-installed/read-installed.js:263:14
193 verbose stack     at cb (/usr/local/lib/node_modules/npm/node_modules/slide/lib/async-map.js:47:24)
193 verbose stack     at /usr/local/lib/node_modules/npm/node_modules/read-installed/read-installed.js:263:14
193 verbose stack     at cb (/usr/local/lib/node_modules/npm/node_modules/slide/lib/async-map.js:47:24)
193 verbose stack     at /usr/local/lib/node_modules/npm/node_modules/read-installed/read-installed.js:263:14
193 verbose stack     at cb (/usr/local/lib/node_modules/npm/node_modules/slide/lib/async-map.js:47:24)
193 verbose stack     at /usr/local/lib/node_modules/npm/node_modules/read-installed/read-installed.js:263:14
194 verbose cwd /Users/lowjiansheng/Desktop/iQueueProj
195 error Darwin 15.5.0
196 error argv "/usr/local/bin/node" "/usr/local/bin/npm" "install" "--save" "node-restful"
197 error node v4.4.5
198 error npm  v2.15.5
199 error code EPEERINVALID
200 error peerinvalid The package mongoose@3.8.40 does not satisfy its siblings' peerDependencies requirements!
200 error peerinvalid Peer node-restful@0.2.5 wants mongoose@~4
201 verbose exit [ 1, true ]
